d:\学习\webots_poject_7\controllers\my_controller\x64\release\vc141.pdb
d:\学习\webots_poject_7\controllers\my_controller\x64\release\my_controller.obj
d:\学习\webots_poject_7\controllers\my_controller\x64\release\key.obj
d:\学习\webots_poject_7\controllers\my_controller\x64\release\chassis.obj
d:\学习\webots_poject_7\controllers\my_controller\x64\release\speedramp.obj
d:\学习\webots_poject_7\controllers\my_controller\x64\release\pid.obj
d:\学习\webots_poject_7\controllers\my_controller\x64\release\filter.obj
d:\学习\webots_poject_7\controllers\my_controller\x64\release\addmath.obj
d:\学习\webots_poject_7\controllers\my_controller\my_controller.exe
d:\学习\webots_poject_7\controllers\my_controller\my_controller.pdb
d:\学习\webots_poject_7\controllers\my_controller\my_controller.ipdb
d:\学习\webots_poject_7\controllers\my_controller\my_controller.iobj
d:\webots\rc\steering_wheel_robot\controllers\my_controller\x64\release\addmath.obj
d:\webots\rc\steering_wheel_robot\controllers\my_controller\x64\release\chassis.obj
d:\webots\rc\steering_wheel_robot\controllers\my_controller\x64\release\filter.obj
d:\webots\rc\steering_wheel_robot\controllers\my_controller\x64\release\key.obj
d:\webots\rc\steering_wheel_robot\controllers\my_controller\x64\release\my_controller.obj
d:\webots\rc\steering_wheel_robot\controllers\my_controller\x64\release\pid.obj
d:\webots\rc\steering_wheel_robot\controllers\my_controller\x64\release\speedramp.obj
d:\webots\rc\steering_wheel_robot\controllers\my_controller\x64\release\vc141.pdb
d:\webots\rc\steering_wheel_robot\controllers\my_controller\my_controller.pdb
d:\webots\rc\steering_wheel_robot\controllers\my_controller\my_controller.exe
d:\webots\rc\steering_wheel_robot\controllers\my_controller\x64\release\my_controller.tlog\cl.command.1.tlog
d:\webots\rc\steering_wheel_robot\controllers\my_controller\x64\release\my_controller.tlog\cl.read.1.tlog
d:\webots\rc\steering_wheel_robot\controllers\my_controller\x64\release\my_controller.tlog\cl.write.1.tlog
d:\webots\rc\steering_wheel_robot\controllers\my_controller\x64\release\my_controller.tlog\link.command.1.tlog
d:\webots\rc\steering_wheel_robot\controllers\my_controller\x64\release\my_controller.tlog\link.read.1.tlog
d:\webots\rc\steering_wheel_robot\controllers\my_controller\x64\release\my_controller.tlog\link.write.1.tlog
d:\webots\rc\steering_wheel_robot\controllers\my_controller\x64\release\my_controller.tlog\my_controller.write.1u.tlog
